-------------------------------------------------------------------------------
Test set: test.AccessBoundaryTest
-------------------------------------------------------------------------------
Tests run: 4, Failures: 0, Errors: 3, Skipped: 0, Time elapsed: 309.103 sec <<< FAILURE! - in test.AccessBoundaryTest
createNewAccessBoundaryTest(test.AccessBoundaryTest)  Time elapsed: 82.48 sec  <<< ERROR!
org.openqa.selenium.NoSuchElementException: 
Timed out after 10 seconds. Element could not be loaded
For documentation on this error, please visit: http://seleniumhq.org/exceptions/no_such_element.html
Build info: version: '2.45.0', revision: '5017cb8e7ca8e37638dc3091b2440b90a1d8686f', time: '2015-02-27 09:10:26'
System info: host: 'Home-PC', ip: '192.168.0.52', os.name: 'Windows 7', os.arch: 'amd64', os.version: '6.1', java.version: '1.8.0_71'
Driver info: driver.version: unknown
For documentation on this error, please visit: http://seleniumhq.org/exceptions/no_such_element.html
Build info: version: '2.45.0', revision: '5017cb8e7ca8e37638dc3091b2440b90a1d8686f', time: '2015-02-27 09:10:26'
System info: host: 'Home-PC', ip: '192.168.0.52', os.name: 'Windows 7', os.arch: 'amd64', os.version: '6.1', java.version: '1.8.0_71'
Driver info: driver.version: unknown
	at test.AccessBoundaryTest.createNewAccessBoundaryTest(AccessBoundaryTest.java:78)

editCampaignConfigurationTest(test.AccessBoundaryTest)  Time elapsed: 74.811 sec  <<< ERROR!
org.openqa.selenium.NoSuchElementException: 
Timed out after 10 seconds. Element could not be loaded
For documentation on this error, please visit: http://seleniumhq.org/exceptions/no_such_element.html
Build info: version: '2.45.0', revision: '5017cb8e7ca8e37638dc3091b2440b90a1d8686f', time: '2015-02-27 09:10:26'
System info: host: 'Home-PC', ip: '192.168.0.52', os.name: 'Windows 7', os.arch: 'amd64', os.version: '6.1', java.version: '1.8.0_71'
Driver info: driver.version: unknown
For documentation on this error, please visit: http://seleniumhq.org/exceptions/no_such_element.html
Build info: version: '2.45.0', revision: '5017cb8e7ca8e37638dc3091b2440b90a1d8686f', time: '2015-02-27 09:10:26'
System info: host: 'Home-PC', ip: '192.168.0.52', os.name: 'Windows 7', os.arch: 'amd64', os.version: '6.1', java.version: '1.8.0_71'
Driver info: driver.version: unknown
	at test.AccessBoundaryTest.editCampaignConfigurationTest(AccessBoundaryTest.java:122)

deleteAccessBoundaryTest(test.AccessBoundaryTest)  Time elapsed: 78.996 sec  <<< ERROR!
org.openqa.selenium.NoSuchElementException: 
Timed out after 10 seconds. Element could not be loaded
For documentation on this error, please visit: http://seleniumhq.org/exceptions/no_such_element.html
Build info: version: '2.45.0', revision: '5017cb8e7ca8e37638dc3091b2440b90a1d8686f', time: '2015-02-27 09:10:26'
System info: host: 'Home-PC', ip: '192.168.0.52', os.name: 'Windows 7', os.arch: 'amd64', os.version: '6.1', java.version: '1.8.0_71'
Driver info: driver.version: unknown
For documentation on this error, please visit: http://seleniumhq.org/exceptions/no_such_element.html
Build info: version: '2.45.0', revision: '5017cb8e7ca8e37638dc3091b2440b90a1d8686f', time: '2015-02-27 09:10:26'
System info: host: 'Home-PC', ip: '192.168.0.52', os.name: 'Windows 7', os.arch: 'amd64', os.version: '6.1', java.version: '1.8.0_71'
Driver info: driver.version: unknown
	at test.AccessBoundaryTest.deleteAccessBoundaryTest(AccessBoundaryTest.java:89)

