<?xml version="1.0" encoding="UTF-8"?><testsuite errors="2" failures="1" name="test.FeeTest" skipped="0" tests="6" time="424.6" timestamp="2016-04-120 10:14:32"><testcase classname="test.FeeTest" name="Edit Fees currency to match  other Fees currency Test"><failure message="MessageThis currency already exists for this product is not displayed" type="java.lang.AssertionError">MessageThis currency already exists for this product is not displayed</failure><system-err>MessageThis currency already exists for this product is not displayed&#13;
steps.FeesSteps.verifyCurrencyErrorMessage(FeesSteps.java:140)&#13;
test.FeeTest.sameCurrencyFeesEditTest(FeeTest.java:195)&#13;
</system-err></testcase><testcase classname="test.FeeTest" name="Back to Fee page when Creating new Fee Test"/><testcase classname="test.FeeTest" name="Create two Fees with same currency Test"/><testcase classname="test.FeeTest" name="Cancel when Creating new Fee Test"/><testcase classname="test.FeeTest" name="Edit Existing Fee Configuration Test"><error message="no such element: Unable to locate element: {&quot;method&quot;:&quot;tag name&quot;,&quot;selector&quot;:&quot;a&quot;}&#10;  (Session info: chrome=49.0.2623.112)&#10;  (Driver info: chromedriver=2.19.346078 (6f1f0cde889532d48ce8242342d0b84f94b114a1),platform=Windows NT 6.1 SP1 x86_64) (WARNING: The server did not provide any stacktrace information)&#10;Command duration or timeout: 10.01 seconds&#10;For documentation on this error, please visit: http://seleniumhq.org/exceptions/no_such_element.html&#10;Build info: version: '2.45.0', revision: '5017cb8e7ca8e37638dc3091b2440b90a1d8686f', time: '2015-02-27 09:10:26'&#10;System info: host: 'Home-PC', ip: '192.168.0.52', os.name: 'Windows 7', os.arch: 'amd64', os.version: '6.1', java.version: '1.8.0_71'&#10;Driver info: org.openqa.selenium.chrome.ChromeDriver&#10;Capabilities [{applicationCacheEnabled=false, rotatable=false, mobileEmulationEnabled=false, chrome={userDataDir=C:\Users\Home\AppData\Local\Temp\scoped_dir7004_10858}, takesHeapSnapshot=true, databaseEnabled=false, handlesAlerts=true, hasTouchScreen=false, version=49.0.2623.112, platform=XP, browserConnectionEnabled=false, nativeEvents=true, acceptSslCerts=true, locationContextEnabled=true, webStorageEnabled=true, browserName=chrome, takesScreenshot=true, javascriptEnabled=true, cssSelectorsEnabled=true}]&#10;Session ID: a2055d2528e5dd651728605c1e1fb4b6&#10;*** Element info: {Using=tag name, value=a}" type="org.openqa.selenium.NoSuchElementException">no such element: Unable to locate element: {"method":"tag name","selector":"a"}
  (Session info: chrome=49.0.2623.112)
  (Driver info: chromedriver=2.19.346078 (6f1f0cde889532d48ce8242342d0b84f94b114a1),platform=Windows NT 6.1 SP1 x86_64) (WARNING: The server did not provide any stacktrace information)
Command duration or timeout: 10.01 seconds
For documentation on this error, please visit: http://seleniumhq.org/exceptions/no_such_element.html
Build info: version: '2.45.0', revision: '5017cb8e7ca8e37638dc3091b2440b90a1d8686f', time: '2015-02-27 09:10:26'
System info: host: 'Home-PC', ip: '192.168.0.52', os.name: 'Windows 7', os.arch: 'amd64', os.version: '6.1', java.version: '1.8.0_71'
Driver info: org.openqa.selenium.chrome.ChromeDriver
Capabilities [{applicationCacheEnabled=false, rotatable=false, mobileEmulationEnabled=false, chrome={userDataDir=C:\Users\Home\AppData\Local\Temp\scoped_dir7004_10858}, takesHeapSnapshot=true, databaseEnabled=false, handlesAlerts=true, hasTouchScreen=false, version=49.0.2623.112, platform=XP, browserConnectionEnabled=false, nativeEvents=true, acceptSslCerts=true, locationContextEnabled=true, webStorageEnabled=true, browserName=chrome, takesScreenshot=true, javascriptEnabled=true, cssSelectorsEnabled=true}]
Session ID: a2055d2528e5dd651728605c1e1fb4b6
*** Element info: {Using=tag name, value=a}</error><system-err>no such element: Unable to locate element: {"method":"tag name","selector":"a"}
  (Session info: chrome=49.0.2623.112)
  (Driver info: chromedriver=2.19.346078 (6f1f0cde889532d48ce8242342d0b84f94b114a1),platform=Windows NT 6.1 SP1 x86_64) (WARNING: The server did not provide any stacktrace information)
Command duration or timeout: 10.01 seconds
For documentation on this error, please visit: http://seleniumhq.org/exceptions/no_such_element.html
Build info: version: '2.45.0', revision: '5017cb8e7ca8e37638dc3091b2440b90a1d8686f', time: '2015-02-27 09:10:26'
System info: host: 'Home-PC', ip: '192.168.0.52', os.name: 'Windows 7', os.arch: 'amd64', os.version: '6.1', java.version: '1.8.0_71'
Driver info: org.openqa.selenium.chrome.ChromeDriver
Capabilities [{applicationCacheEnabled=false, rotatable=false, mobileEmulationEnabled=false, chrome={userDataDir=C:\Users\Home\AppData\Local\Temp\scoped_dir7004_10858}, takesHeapSnapshot=true, databaseEnabled=false, handlesAlerts=true, hasTouchScreen=false, version=49.0.2623.112, platform=XP, browserConnectionEnabled=false, nativeEvents=true, acceptSslCerts=true, locationContextEnabled=true, webStorageEnabled=true, browserName=chrome, takesScreenshot=true, javascriptEnabled=true, cssSelectorsEnabled=true}]
Session ID: a2055d2528e5dd651728605c1e1fb4b6
*** Element info: {Using=tag name, value=a}&#13;
pages.tableModels.FeeTableModel.&lt;init&gt;(FeeTableModel.java:21)&#13;
steps.FeesSteps.editFeeConfiguration(FeesSteps.java:73)&#13;
test.FeeTest.editFeeConfigurationTest(FeeTest.java:136)&#13;
</system-err></testcase><testcase classname="test.FeeTest" name="Create new Fee Test"><error message="Timed out after 10 seconds. Element could not be loaded&#10;For documentation on this error, please visit: http://seleniumhq.org/exceptions/no_such_element.html&#10;Build info: version: '2.45.0', revision: '5017cb8e7ca8e37638dc3091b2440b90a1d8686f', time: '2015-02-27 09:10:26'&#10;System info: host: 'Home-PC', ip: '192.168.0.52', os.name: 'Windows 7', os.arch: 'amd64', os.version: '6.1', java.version: '1.8.0_71'&#10;Driver info: driver.version: unknown" type="org.openqa.selenium.NoSuchElementException">Timed out after 10 seconds. Element could not be loaded
For documentation on this error, please visit: http://seleniumhq.org/exceptions/no_such_element.html
Build info: version: '2.45.0', revision: '5017cb8e7ca8e37638dc3091b2440b90a1d8686f', time: '2015-02-27 09:10:26'
System info: host: 'Home-PC', ip: '192.168.0.52', os.name: 'Windows 7', os.arch: 'amd64', os.version: '6.1', java.version: '1.8.0_71'
Driver info: driver.version: unknown</error><system-err>Timed out after 10 seconds. Element could not be loaded
For documentation on this error, please visit: http://seleniumhq.org/exceptions/no_such_element.html
Build info: version: '2.45.0', revision: '5017cb8e7ca8e37638dc3091b2440b90a1d8686f', time: '2015-02-27 09:10:26'
System info: host: 'Home-PC', ip: '192.168.0.52', os.name: 'Windows 7', os.arch: 'amd64', os.version: '6.1', java.version: '1.8.0_71'
Driver info: driver.version: unknown&#13;
pages.FeeCreateEditPage.readForm(FeeCreateEditPage.java:151)&#13;
steps.FeesSteps.verifyFeeCreation(FeesSteps.java:91)&#13;
test.FeeTest.createNewProductTest(FeeTest.java:84)&#13;
</system-err></testcase></testsuite>